2018-09-11 12:44:52,585 aeolis.model INFO     **********************************************************
2018-09-11 12:44:52,585 aeolis.model INFO                                                               
2018-09-11 12:44:52,585 aeolis.model INFO              d8888                   888      d8b  .d8888b.   
2018-09-11 12:44:52,585 aeolis.model INFO             d88888                   888      Y8P d88P  Y88b  
2018-09-11 12:44:52,585 aeolis.model INFO            d88P888                   888          Y88b.       
2018-09-11 12:44:52,585 aeolis.model INFO           d88P 888  .d88b.   .d88b.  888      888  "Y888b.    
2018-09-11 12:44:52,585 aeolis.model INFO          d88P  888 d8P  Y8b d88""88b 888      888     "Y88b.  
2018-09-11 12:44:52,585 aeolis.model INFO         d88P   888 88888888 888  888 888      888       "888  
2018-09-11 12:44:52,585 aeolis.model INFO        d8888888888 Y8b.     Y88..88P 888      888 Y88b  d88P  
2018-09-11 12:44:52,585 aeolis.model INFO       d88P     888  "Y8888   "Y88P"  88888888 888  "Y8888P"   
2018-09-11 12:44:52,585 aeolis.model INFO                                                               
2018-09-11 12:44:52,585 aeolis.model INFO       Version:  1.1.4.post5                                  
2018-09-11 12:44:52,585 aeolis.model INFO       Git hash: 2354bf7137760f4a96c2ae45c70856c8a56e0d4b     
2018-09-11 12:44:52,585 aeolis.model INFO                                                               
2018-09-11 12:44:52,585 aeolis.model INFO     **********************************************************
2018-09-11 12:44:52,585 aeolis.model INFO     PARAMETER SETTINGS                                        
2018-09-11 12:44:52,585 aeolis.model INFO     **********************************************************
2018-09-11 12:44:52,585 aeolis.model INFO                         A = 0.085000
2018-09-11 12:44:52,585 aeolis.model INFO                       CFL = 1.00
2018-09-11 12:44:52,585 aeolis.model INFO                        Cb = 1
2018-09-11 12:44:52,585 aeolis.model INFO                         T = 1.00
2018-09-11 12:44:52,585 aeolis.model INFO                      Tdry = 5400.00
2018-09-11 12:44:52,585 aeolis.model INFO                     Tsalt = 2592000.00
2018-09-11 12:44:52,585 aeolis.model INFO                    accfac = 1.00
2018-09-11 12:44:52,585 aeolis.model INFO                  bed_file = z.txt
2018-09-11 12:44:52,585 aeolis.model INFO              bedcomp_file = <novalue>
2018-09-11 12:44:52,585 aeolis.model INFO                      beta = 130.00
2018-09-11 12:44:52,585 aeolis.model INFO                        bi = 1
2018-09-11 12:44:52,586 aeolis.model INFO          boundary_lateral = circular
2018-09-11 12:44:52,586 aeolis.model INFO         boundary_offshore = noflux
2018-09-11 12:44:52,586 aeolis.model INFO          boundary_onshore = gradient
2018-09-11 12:44:52,586 aeolis.model INFO                  callback = <novalue>
2018-09-11 12:44:52,586 aeolis.model INFO                     cpair = 0.001004
2018-09-11 12:44:52,586 aeolis.model INFO                     csalt = 0.035000
2018-09-11 12:44:52,586 aeolis.model INFO                        dt = 60
2018-09-11 12:44:52,586 aeolis.model INFO                        dx = 1
2018-09-11 12:44:52,586 aeolis.model INFO                        dy = 1.00
2018-09-11 12:44:52,586 aeolis.model INFO                       eps = 0.001000
2018-09-11 12:44:52,586 aeolis.model INFO                    facDOD = 0.100000
2018-09-11 12:44:52,586 aeolis.model INFO                         g = 9.81
2018-09-11 12:44:52,586 aeolis.model INFO                     gamma = 0.500000
2018-09-11 12:44:52,586 aeolis.model INFO                grain_dist = 0.300000
2018-09-11 12:44:52,586 aeolis.model INFO                             0.400000
2018-09-11 12:44:52,586 aeolis.model INFO                             0.300000
2018-09-11 12:44:52,586 aeolis.model INFO                grain_size = 0.000173
2018-09-11 12:44:52,586 aeolis.model INFO                             0.000247
2018-09-11 12:44:52,586 aeolis.model INFO                             0.000335
2018-09-11 12:44:52,586 aeolis.model INFO                         h = 10.00
2018-09-11 12:44:52,586 aeolis.model INFO                         k = 0.010000
2018-09-11 12:44:52,586 aeolis.model INFO           layer_thickness = 0.010000
2018-09-11 12:44:52,586 aeolis.model INFO                         m = 0.500000
2018-09-11 12:44:52,587 aeolis.model INFO                 max_error = 0.000001
2018-09-11 12:44:52,587 aeolis.model INFO                  max_iter = 1000
2018-09-11 12:44:52,587 aeolis.model INFO                meteo_file = <novalue>
2018-09-11 12:44:52,587 aeolis.model INFO              method_moist = belly_johnson
2018-09-11 12:44:52,587 aeolis.model INFO          method_transport = bagnold
2018-09-11 12:44:52,587 aeolis.model INFO                nfractions = 3
2018-09-11 12:44:52,587 aeolis.model INFO                   nlayers = 5
2018-09-11 12:44:52,587 aeolis.model INFO                        nx = 480
2018-09-11 12:44:52,587 aeolis.model INFO                        ny = 0
2018-09-11 12:44:52,587 aeolis.model INFO               output_file = aeolis.nc
2018-09-11 12:44:52,587 aeolis.model INFO              output_times = 3600
2018-09-11 12:44:52,587 aeolis.model INFO              output_types = avg
2018-09-11 12:44:52,587 aeolis.model INFO               output_vars = zb
2018-09-11 12:44:52,587 aeolis.model INFO                  porosity = 0.400000
2018-09-11 12:44:52,587 aeolis.model INFO         process_bedupdate = T
2018-09-11 12:44:52,587 aeolis.model INFO          process_humidity = F
2018-09-11 12:44:52,587 aeolis.model INFO             process_meteo = F
2018-09-11 12:44:52,587 aeolis.model INFO       process_mixtoplayer = T
2018-09-11 12:44:52,587 aeolis.model INFO             process_moist = T
2018-09-11 12:44:52,587 aeolis.model INFO             process_runup = T
2018-09-11 12:44:52,587 aeolis.model INFO              process_salt = F
2018-09-11 12:44:52,587 aeolis.model INFO             process_shear = F
2018-09-11 12:44:52,587 aeolis.model INFO         process_threshold = T
2018-09-11 12:44:52,587 aeolis.model INFO              process_tide = T
2018-09-11 12:44:52,588 aeolis.model INFO         process_transport = T
2018-09-11 12:44:52,588 aeolis.model INFO              process_wave = T
2018-09-11 12:44:52,588 aeolis.model INFO              process_wind = T
2018-09-11 12:44:52,588 aeolis.model INFO                   refdate = 1970-01-01 00:00
2018-09-11 12:44:52,588 aeolis.model INFO                   restart = <novalue>
2018-09-11 12:44:52,588 aeolis.model INFO                      rhoa = 1.25
2018-09-11 12:44:52,588 aeolis.model INFO                      rhop = 2650.00
2018-09-11 12:44:52,588 aeolis.model INFO                      rhow = 1025.00
2018-09-11 12:44:52,588 aeolis.model INFO                    scheme = euler_backward
2018-09-11 12:44:52,588 aeolis.model INFO                     sigma = 4.20
2018-09-11 12:44:52,588 aeolis.model INFO               th_bedslope = F
2018-09-11 12:44:52,588 aeolis.model INFO              th_grainsize = T
2018-09-11 12:44:52,588 aeolis.model INFO               th_humidity = F
2018-09-11 12:44:52,588 aeolis.model INFO               th_moisture = T
2018-09-11 12:44:52,588 aeolis.model INFO              th_roughness = T
2018-09-11 12:44:52,588 aeolis.model INFO                   th_salt = F
2018-09-11 12:44:52,588 aeolis.model INFO            threshold_file = <novalue>
2018-09-11 12:44:52,588 aeolis.model INFO            threshold_mask = <novalue>
2018-09-11 12:44:52,588 aeolis.model INFO                 tide_file = tide.txt
2018-09-11 12:44:52,588 aeolis.model INFO                 tide_mask = <novalue>
2018-09-11 12:44:52,588 aeolis.model INFO                    tstart = 0
2018-09-11 12:44:52,588 aeolis.model INFO                     tstop = 3600
2018-09-11 12:44:52,588 aeolis.model INFO                 wave_file = <novalue>
2018-09-11 12:44:52,588 aeolis.model INFO                 wave_mask = <novalue>
2018-09-11 12:44:52,589 aeolis.model INFO           wind_convention = cartesian
2018-09-11 12:44:52,589 aeolis.model INFO                 wind_file = <novalue>
2018-09-11 12:44:52,589 aeolis.model INFO                xgrid_file = x_aeolis.txt
2018-09-11 12:44:52,589 aeolis.model INFO                        xi = 0.300000
2018-09-11 12:44:52,589 aeolis.model INFO                ygrid_file = y_aeolis.txt
2018-09-11 12:44:52,589 aeolis.model INFO                         z = 10.00
2018-09-11 12:44:52,589 aeolis.model INFO     **********************************************************
2018-09-11 12:44:52,589 aeolis.model INFO     
2018-09-11 12:44:52,612 aeolis.model INFO     Loaded "tau" from hotstart file.
2018-09-11 12:44:52,612 aeolis.model INFO     Loaded "uw" from hotstart file.
2018-09-11 12:44:52,652 aeolis.model INFO     001.7%   0:00:00 / 0:00:02 / 0:00:02
2018-09-11 12:44:52,662 aeolis.model INFO     010.0%   0:00:00 / 0:00:01 / 0:00:00
2018-09-11 12:44:52,682 aeolis.model INFO     020.0%   0:00:00 / 0:00:00 / 0:00:00
2018-09-11 12:44:52,721 aeolis.model INFO     040.0%   0:00:00 / 0:00:00 / 0:00:00
2018-09-11 12:44:52,793 aeolis.model INFO     080.0%   0:00:00 / 0:00:00 / 0:00:00
2018-09-11 12:44:53,371 aeolis.model INFO     
2018-09-11 12:44:53,371 aeolis.model INFO     **********************************************************
2018-09-11 12:44:53,371 aeolis.model INFO     # time steps         : 61
2018-09-11 12:44:53,371 aeolis.model INFO     # matrix solves      : 183
2018-09-11 12:44:53,371 aeolis.model INFO     # supply lim         : 0
2018-09-11 12:44:53,371 aeolis.model INFO     avg. solves per step : 3.00
2018-09-11 12:44:53,371 aeolis.model INFO     avg. time step       : 59.02
2018-09-11 12:44:53,371 aeolis.model INFO     **********************************************************
2018-09-11 12:44:53,371 aeolis.model INFO     
